1 [SwanLab-INFO]:        Experiment exp_Mar16_23-26-07 has been registered.
2 [SwanLab-INFO]:        Run data will be saved locally in C:\Users\94427\kashiwa\kohya_ss\swanlog\run-20240316_232607-dd5f2d1c
3 [SwanLab-INFO]:        Experiment_name: exp_Mar16_23-26-07
4 [SwanLab-INFO]:        Run `swanlab watch` to view SwanLab Experiment Dashboard
5 23:26:08-696935 INFO     Start training LoRA Standard ...                                                               
6 23:26:08-697937 INFO     Checking for duplicate image filenames in training data directory...                           
7 23:26:08-702940 INFO     Valid image folder names found in: C:\Users\94427\kashiwa\Asuka\dataset                        
8 23:26:08-706944 INFO     Folder 10_Asuka: 23 images found                                                               
9 23:26:08-708946 INFO     Folder 10_Asuka: 230 steps                                                                     
10 23:26:08-709947 INFO     Total steps: 230                                                                               
11 23:26:08-710948 INFO     Train batch size: 1                                                                            
12 23:26:08-711949 INFO     Gradient accumulation steps: 1                                                                 
13 23:26:08-712950 INFO     Epoch: 1                                                                                       
14 23:26:08-713951 INFO     Regulatization factor: 1                                                                       
15 23:26:08-714952 INFO     max_train_steps (230 / 1 / 1 * 1 * 1) = 230                                                    
16 23:26:08-716953 INFO     stop_text_encoder_training = 0                                                                 
17 23:26:08-717954 INFO     lr_warmup_steps = 23                                                                           
18 23:26:08-718955 INFO     Saving training config to C:\Users\94427\kashiwa\Asuka\outputs9\last_20240316-232608.json...   
19 23:26:08-721958 INFO     accelerate launch --num_cpu_threads_per_process=2 "./train_network.py" --bucket_no_upscale     
20                          --bucket_reso_steps=64 --cache_latents --enable_bucket --min_bucket_reso=256                   
21                          --max_bucket_reso=2048 --learning_rate="0.0001"                                                
22                          --logging_dir="C:\Users\94427\kashiwa\Asuka\logs" --lr_scheduler="cosine"                      
23                          --lr_scheduler_num_cycles="1" --lr_warmup_steps="23" --max_data_loader_n_workers="0"           
24                          --max_grad_norm="1" --resolution="512,512" --max_train_steps="230" --mixed_precision="fp16"    
25                          --network_alpha="1" --network_dim=8 --network_module=networks.lora --optimizer_type="AdamW8bit"
26                          --output_dir="C:\Users\94427\kashiwa\Asuka\outputs9" --output_name="last"                      
27                          --pretrained_model_name_or_path="runwayml/stable-diffusion-v1-5" --save_every_n_epochs="1"     
28                          --save_model_as=safetensors --save_precision="fp16" --text_encoder_lr=0.0001                   
29                          --train_batch_size="1" --train_data_dir="C:\Users\94427\kashiwa\Asuka\dataset" --unet_lr=0.0001
30                          --xformers                                                                                     
